<?xml version="1.0" encoding="UTF-8"?>
<testsuite xmlns:xsi="http://www.w3.org/2001/XMLSchema-instance" xsi:noNamespaceSchemaLocation="https://maven.apache.org/surefire/maven-surefire-plugin/xsd/surefire-test-report.xsd" name="com.zrma.cloud.common.core.AppTest" time="0.074" tests="1" errors="0" skipped="0" failures="0">
  <properties>
    <property name="sun.desktop" value="windows"/>
    <property name="awt.toolkit" value="sun.awt.windows.WToolkit"/>
    <property name="file.encoding.pkg" value="sun.io"/>
    <property name="java.specification.version" value="1.8"/>
    <property name="sun.cpu.isalist" value="amd64"/>
    <property name="sun.jnu.encoding" value="GBK"/>
    <property name="java.class.path" value="G:\zhibowanwei\eclipseCode2\spring-cloud-parent-template\spring-cloud-common\spring-cloud-common-core\target\test-classes;G:\zhibowanwei\eclipseCode2\spring-cloud-parent-template\spring-cloud-common\spring-cloud-common-core\target\classes;F:\mavemLibrary\io\jsonwebtoken\jjwt\0.9.0\jjwt-0.9.0.jar;F:\mavemLibrary\com\fasterxml\jackson\core\jackson-databind\2.9.6\jackson-databind-2.9.6.jar;F:\mavemLibrary\com\fasterxml\jackson\core\jackson-annotations\2.9.0\jackson-annotations-2.9.0.jar;F:\mavemLibrary\com\fasterxml\jackson\core\jackson-core\2.9.6\jackson-core-2.9.6.jar;F:\mavemLibrary\org\springframework\boot\spring-boot-starter-web\2.0.4.RELEASE\spring-boot-starter-web-2.0.4.RELEASE.jar;F:\mavemLibrary\org\springframework\boot\spring-boot-starter\2.0.4.RELEASE\spring-boot-starter-2.0.4.RELEASE.jar;F:\mavemLibrary\org\springframework\boot\spring-boot\2.0.4.RELEASE\spring-boot-2.0.4.RELEASE.jar;F:\mavemLibrary\org\springframework\boot\spring-boot-autoconfigure\2.0.4.RELEASE\spring-boot-autoconfigure-2.0.4.RELEASE.jar;F:\mavemLibrary\org\springframework\boot\spring-boot-starter-logging\2.0.4.RELEASE\spring-boot-starter-logging-2.0.4.RELEASE.jar;F:\mavemLibrary\ch\qos\logback\logback-classic\1.2.3\logback-classic-1.2.3.jar;F:\mavemLibrary\ch\qos\logback\logback-core\1.2.3\logback-core-1.2.3.jar;F:\mavemLibrary\org\apache\logging\log4j\log4j-to-slf4j\2.10.0\log4j-to-slf4j-2.10.0.jar;F:\mavemLibrary\org\apache\logging\log4j\log4j-api\2.10.0\log4j-api-2.10.0.jar;F:\mavemLibrary\org\slf4j\jul-to-slf4j\1.7.25\jul-to-slf4j-1.7.25.jar;F:\mavemLibrary\javax\annotation\javax.annotation-api\1.3.2\javax.annotation-api-1.3.2.jar;F:\mavemLibrary\org\yaml\snakeyaml\1.19\snakeyaml-1.19.jar;F:\mavemLibrary\org\springframework\boot\spring-boot-starter-json\2.0.4.RELEASE\spring-boot-starter-json-2.0.4.RELEASE.jar;F:\mavemLibrary\com\fasterxml\jackson\datatype\jackson-datatype-jdk8\2.9.6\jackson-datatype-jdk8-2.9.6.jar;F:\mavemLibrary\com\fasterxml\jackson\datatype\jackson-datatype-jsr310\2.9.6\jackson-datatype-jsr310-2.9.6.jar;F:\mavemLibrary\com\fasterxml\jackson\module\jackson-module-parameter-names\2.9.6\jackson-module-parameter-names-2.9.6.jar;F:\mavemLibrary\org\springframework\boot\spring-boot-starter-tomcat\2.0.4.RELEASE\spring-boot-starter-tomcat-2.0.4.RELEASE.jar;F:\mavemLibrary\org\apache\tomcat\embed\tomcat-embed-core\8.5.32\tomcat-embed-core-8.5.32.jar;F:\mavemLibrary\org\apache\tomcat\embed\tomcat-embed-el\8.5.32\tomcat-embed-el-8.5.32.jar;F:\mavemLibrary\org\apache\tomcat\embed\tomcat-embed-websocket\8.5.32\tomcat-embed-websocket-8.5.32.jar;F:\mavemLibrary\org\hibernate\validator\hibernate-validator\6.0.11.Final\hibernate-validator-6.0.11.Final.jar;F:\mavemLibrary\javax\validation\validation-api\2.0.1.Final\validation-api-2.0.1.Final.jar;F:\mavemLibrary\org\jboss\logging\jboss-logging\3.3.2.Final\jboss-logging-3.3.2.Final.jar;F:\mavemLibrary\com\fasterxml\classmate\1.3.4\classmate-1.3.4.jar;F:\mavemLibrary\org\springframework\spring-web\5.0.8.RELEASE\spring-web-5.0.8.RELEASE.jar;F:\mavemLibrary\org\springframework\spring-beans\5.0.8.RELEASE\spring-beans-5.0.8.RELEASE.jar;F:\mavemLibrary\org\springframework\spring-webmvc\5.0.8.RELEASE\spring-webmvc-5.0.8.RELEASE.jar;F:\mavemLibrary\org\springframework\spring-aop\5.0.8.RELEASE\spring-aop-5.0.8.RELEASE.jar;F:\mavemLibrary\org\springframework\spring-context\5.0.8.RELEASE\spring-context-5.0.8.RELEASE.jar;F:\mavemLibrary\org\springframework\spring-expression\5.0.8.RELEASE\spring-expression-5.0.8.RELEASE.jar;F:\mavemLibrary\org\projectlombok\lombok\1.16.22\lombok-1.16.22.jar;F:\mavemLibrary\org\springframework\boot\spring-boot-starter-test\2.0.4.RELEASE\spring-boot-starter-test-2.0.4.RELEASE.jar;F:\mavemLibrary\org\springframework\boot\spring-boot-test\2.0.4.RELEASE\spring-boot-test-2.0.4.RELEASE.jar;F:\mavemLibrary\org\springframework\boot\spring-boot-test-autoconfigure\2.0.4.RELEASE\spring-boot-test-autoconfigure-2.0.4.RELEASE.jar;F:\mavemLibrary\com\jayway\jsonpath\json-path\2.4.0\json-path-2.4.0.jar;F:\mavemLibrary\net\minidev\json-smart\2.3\json-smart-2.3.jar;F:\mavemLibrary\net\minidev\accessors-smart\1.2\accessors-smart-1.2.jar;F:\mavemLibrary\org\ow2\asm\asm\5.0.4\asm-5.0.4.jar;F:\mavemLibrary\org\slf4j\slf4j-api\1.7.25\slf4j-api-1.7.25.jar;F:\mavemLibrary\junit\junit\4.12\junit-4.12.jar;F:\mavemLibrary\org\assertj\assertj-core\3.9.1\assertj-core-3.9.1.jar;F:\mavemLibrary\org\mockito\mockito-core\2.15.0\mockito-core-2.15.0.jar;F:\mavemLibrary\net\bytebuddy\byte-buddy\1.7.11\byte-buddy-1.7.11.jar;F:\mavemLibrary\net\bytebuddy\byte-buddy-agent\1.7.11\byte-buddy-agent-1.7.11.jar;F:\mavemLibrary\org\objenesis\objenesis\2.6\objenesis-2.6.jar;F:\mavemLibrary\org\hamcrest\hamcrest-core\1.3\hamcrest-core-1.3.jar;F:\mavemLibrary\org\hamcrest\hamcrest-library\1.3\hamcrest-library-1.3.jar;F:\mavemLibrary\org\skyscreamer\jsonassert\1.5.0\jsonassert-1.5.0.jar;F:\mavemLibrary\com\vaadin\external\google\android-json\0.0.20131108.vaadin1\android-json-0.0.20131108.vaadin1.jar;F:\mavemLibrary\org\springframework\spring-core\5.0.8.RELEASE\spring-core-5.0.8.RELEASE.jar;F:\mavemLibrary\org\springframework\spring-jcl\5.0.8.RELEASE\spring-jcl-5.0.8.RELEASE.jar;F:\mavemLibrary\org\springframework\spring-test\5.0.8.RELEASE\spring-test-5.0.8.RELEASE.jar;F:\mavemLibrary\org\xmlunit\xmlunit-core\2.5.1\xmlunit-core-2.5.1.jar;F:\mavemLibrary\org\springframework\cloud\spring-cloud-starter-alibaba-nacos-discovery\0.2.2.RELEASE\spring-cloud-starter-alibaba-nacos-discovery-0.2.2.RELEASE.jar;F:\mavemLibrary\org\springframework\cloud\spring-cloud-alibaba-nacos-discovery\0.2.2.RELEASE\spring-cloud-alibaba-nacos-discovery-0.2.2.RELEASE.jar;F:\mavemLibrary\com\alibaba\nacos\nacos-client\1.0.0\nacos-client-1.0.0.jar;F:\mavemLibrary\com\alibaba\nacos\nacos-common\1.0.0\nacos-common-1.0.0.jar;F:\mavemLibrary\commons-io\commons-io\2.2\commons-io-2.2.jar;F:\mavemLibrary\org\apache\commons\commons-lang3\3.7\commons-lang3-3.7.jar;F:\mavemLibrary\com\alibaba\nacos\nacos-api\1.0.0\nacos-api-1.0.0.jar;F:\mavemLibrary\com\alibaba\fastjson\1.2.47\fastjson-1.2.47.jar;F:\mavemLibrary\com\google\guava\guava\19.0\guava-19.0.jar;F:\mavemLibrary\commons-codec\commons-codec\1.11\commons-codec-1.11.jar;F:\mavemLibrary\io\prometheus\simpleclient\0.5.0\simpleclient-0.5.0.jar;F:\mavemLibrary\org\springframework\cloud\spring-cloud-commons\2.0.1.RELEASE\spring-cloud-commons-2.0.1.RELEASE.jar;F:\mavemLibrary\org\springframework\security\spring-security-crypto\5.0.7.RELEASE\spring-security-crypto-5.0.7.RELEASE.jar;F:\mavemLibrary\org\springframework\cloud\spring-cloud-context\2.0.1.RELEASE\spring-cloud-context-2.0.1.RELEASE.jar;F:\mavemLibrary\org\springframework\cloud\spring-cloud-starter-netflix-ribbon\2.0.1.RELEASE\spring-cloud-starter-netflix-ribbon-2.0.1.RELEASE.jar;F:\mavemLibrary\org\springframework\cloud\spring-cloud-starter\2.0.1.RELEASE\spring-cloud-starter-2.0.1.RELEASE.jar;F:\mavemLibrary\org\springframework\security\spring-security-rsa\1.0.5.RELEASE\spring-security-rsa-1.0.5.RELEASE.jar;F:\mavemLibrary\org\bouncycastle\bcpkix-jdk15on\1.56\bcpkix-jdk15on-1.56.jar;F:\mavemLibrary\org\bouncycastle\bcprov-jdk15on\1.56\bcprov-jdk15on-1.56.jar;F:\mavemLibrary\org\springframework\cloud\spring-cloud-netflix-ribbon\2.0.1.RELEASE\spring-cloud-netflix-ribbon-2.0.1.RELEASE.jar;F:\mavemLibrary\org\springframework\cloud\spring-cloud-netflix-archaius\2.0.1.RELEASE\spring-cloud-netflix-archaius-2.0.1.RELEASE.jar;F:\mavemLibrary\org\springframework\cloud\spring-cloud-starter-netflix-archaius\2.0.1.RELEASE\spring-cloud-starter-netflix-archaius-2.0.1.RELEASE.jar;F:\mavemLibrary\com\netflix\archaius\archaius-core\0.7.6\archaius-core-0.7.6.jar;F:\mavemLibrary\com\google\code\findbugs\jsr305\3.0.1\jsr305-3.0.1.jar;F:\mavemLibrary\commons-configuration\commons-configuration\1.8\commons-configuration-1.8.jar;F:\mavemLibrary\com\netflix\ribbon\ribbon\2.2.5\ribbon-2.2.5.jar;F:\mavemLibrary\com\netflix\ribbon\ribbon-transport\2.2.5\ribbon-transport-2.2.5.jar;F:\mavemLibrary\io\reactivex\rxnetty-contexts\0.4.9\rxnetty-contexts-0.4.9.jar;F:\mavemLibrary\io\reactivex\rxnetty-servo\0.4.9\rxnetty-servo-0.4.9.jar;F:\mavemLibrary\com\netflix\hystrix\hystrix-core\1.5.12\hystrix-core-1.5.12.jar;F:\mavemLibrary\org\hdrhistogram\HdrHistogram\2.1.9\HdrHistogram-2.1.9.jar;F:\mavemLibrary\javax\inject\javax.inject\1\javax.inject-1.jar;F:\mavemLibrary\io\reactivex\rxnetty\0.4.9\rxnetty-0.4.9.jar;F:\mavemLibrary\io\netty\netty-codec-http\4.1.27.Final\netty-codec-http-4.1.27.Final.jar;F:\mavemLibrary\io\netty\netty-codec\4.1.27.Final\netty-codec-4.1.27.Final.jar;F:\mavemLibrary\io\netty\netty-transport-native-epoll\4.1.27.Final\netty-transport-native-epoll-4.1.27.Final.jar;F:\mavemLibrary\io\netty\netty-common\4.1.27.Final\netty-common-4.1.27.Final.jar;F:\mavemLibrary\io\netty\netty-buffer\4.1.27.Final\netty-buffer-4.1.27.Final.jar;F:\mavemLibrary\io\netty\netty-transport-native-unix-common\4.1.27.Final\netty-transport-native-unix-common-4.1.27.Final.jar;F:\mavemLibrary\io\netty\netty-transport\4.1.27.Final\netty-transport-4.1.27.Final.jar;F:\mavemLibrary\io\netty\netty-resolver\4.1.27.Final\netty-resolver-4.1.27.Final.jar;F:\mavemLibrary\com\netflix\ribbon\ribbon-core\2.2.5\ribbon-core-2.2.5.jar;F:\mavemLibrary\commons-lang\commons-lang\2.6\commons-lang-2.6.jar;F:\mavemLibrary\com\netflix\ribbon\ribbon-httpclient\2.2.5\ribbon-httpclient-2.2.5.jar;F:\mavemLibrary\commons-collections\commons-collections\3.2.2\commons-collections-3.2.2.jar;F:\mavemLibrary\org\apache\httpcomponents\httpclient\4.5.6\httpclient-4.5.6.jar;F:\mavemLibrary\org\apache\httpcomponents\httpcore\4.4.10\httpcore-4.4.10.jar;F:\mavemLibrary\com\sun\jersey\jersey-client\1.19.1\jersey-client-1.19.1.jar;F:\mavemLibrary\com\sun\jersey\jersey-core\1.19.1\jersey-core-1.19.1.jar;F:\mavemLibrary\javax\ws\rs\jsr311-api\1.1.1\jsr311-api-1.1.1.jar;F:\mavemLibrary\com\sun\jersey\contribs\jersey-apache-client4\1.19.1\jersey-apache-client4-1.19.1.jar;F:\mavemLibrary\com\netflix\servo\servo-core\0.12.21\servo-core-0.12.21.jar;F:\mavemLibrary\com\netflix\netflix-commons\netflix-commons-util\0.3.0\netflix-commons-util-0.3.0.jar;F:\mavemLibrary\com\netflix\ribbon\ribbon-loadbalancer\2.2.5\ribbon-loadbalancer-2.2.5.jar;F:\mavemLibrary\com\netflix\netflix-commons\netflix-statistics\0.1.1\netflix-statistics-0.1.1.jar;F:\mavemLibrary\io\reactivex\rxjava\1.3.8\rxjava-1.3.8.jar;"/>
    <property name="java.vm.vendor" value="Oracle Corporation"/>
    <property name="sun.arch.data.model" value="64"/>
    <property name="user.variant" value=""/>
    <property name="java.vendor.url" value="http://java.oracle.com/"/>
    <property name="user.timezone" value=""/>
    <property name="java.vm.specification.version" value="1.8"/>
    <property name="os.name" value="Windows 10"/>
    <property name="user.country" value="CN"/>
    <property name="sun.java.launcher" value="SUN_STANDARD"/>
    <property name="sun.boot.library.path" value="C:\Program Files\Java\jdk1.8.0_201\jre\bin"/>
    <property name="sun.java.command" value="C:\Users\zrma\AppData\Local\Temp\surefire1416842165900806202\surefirebooter8080396337517042451.jar C:\Users\zrma\AppData\Local\Temp\surefire1416842165900806202 2019-06-28T15-33-52_166-jvmRun1 surefire8332434121178313382tmp surefire_27775672102572191955tmp"/>
    <property name="surefire.test.class.path" value="G:\zhibowanwei\eclipseCode2\spring-cloud-parent-template\spring-cloud-common\spring-cloud-common-core\target\test-classes;G:\zhibowanwei\eclipseCode2\spring-cloud-parent-template\spring-cloud-common\spring-cloud-common-core\target\classes;F:\mavemLibrary\io\jsonwebtoken\jjwt\0.9.0\jjwt-0.9.0.jar;F:\mavemLibrary\com\fasterxml\jackson\core\jackson-databind\2.9.6\jackson-databind-2.9.6.jar;F:\mavemLibrary\com\fasterxml\jackson\core\jackson-annotations\2.9.0\jackson-annotations-2.9.0.jar;F:\mavemLibrary\com\fasterxml\jackson\core\jackson-core\2.9.6\jackson-core-2.9.6.jar;F:\mavemLibrary\org\springframework\boot\spring-boot-starter-web\2.0.4.RELEASE\spring-boot-starter-web-2.0.4.RELEASE.jar;F:\mavemLibrary\org\springframework\boot\spring-boot-starter\2.0.4.RELEASE\spring-boot-starter-2.0.4.RELEASE.jar;F:\mavemLibrary\org\springframework\boot\spring-boot\2.0.4.RELEASE\spring-boot-2.0.4.RELEASE.jar;F:\mavemLibrary\org\springframework\boot\spring-boot-autoconfigure\2.0.4.RELEASE\spring-boot-autoconfigure-2.0.4.RELEASE.jar;F:\mavemLibrary\org\springframework\boot\spring-boot-starter-logging\2.0.4.RELEASE\spring-boot-starter-logging-2.0.4.RELEASE.jar;F:\mavemLibrary\ch\qos\logback\logback-classic\1.2.3\logback-classic-1.2.3.jar;F:\mavemLibrary\ch\qos\logback\logback-core\1.2.3\logback-core-1.2.3.jar;F:\mavemLibrary\org\apache\logging\log4j\log4j-to-slf4j\2.10.0\log4j-to-slf4j-2.10.0.jar;F:\mavemLibrary\org\apache\logging\log4j\log4j-api\2.10.0\log4j-api-2.10.0.jar;F:\mavemLibrary\org\slf4j\jul-to-slf4j\1.7.25\jul-to-slf4j-1.7.25.jar;F:\mavemLibrary\javax\annotation\javax.annotation-api\1.3.2\javax.annotation-api-1.3.2.jar;F:\mavemLibrary\org\yaml\snakeyaml\1.19\snakeyaml-1.19.jar;F:\mavemLibrary\org\springframework\boot\spring-boot-starter-json\2.0.4.RELEASE\spring-boot-starter-json-2.0.4.RELEASE.jar;F:\mavemLibrary\com\fasterxml\jackson\datatype\jackson-datatype-jdk8\2.9.6\jackson-datatype-jdk8-2.9.6.jar;F:\mavemLibrary\com\fasterxml\jackson\datatype\jackson-datatype-jsr310\2.9.6\jackson-datatype-jsr310-2.9.6.jar;F:\mavemLibrary\com\fasterxml\jackson\module\jackson-module-parameter-names\2.9.6\jackson-module-parameter-names-2.9.6.jar;F:\mavemLibrary\org\springframework\boot\spring-boot-starter-tomcat\2.0.4.RELEASE\spring-boot-starter-tomcat-2.0.4.RELEASE.jar;F:\mavemLibrary\org\apache\tomcat\embed\tomcat-embed-core\8.5.32\tomcat-embed-core-8.5.32.jar;F:\mavemLibrary\org\apache\tomcat\embed\tomcat-embed-el\8.5.32\tomcat-embed-el-8.5.32.jar;F:\mavemLibrary\org\apache\tomcat\embed\tomcat-embed-websocket\8.5.32\tomcat-embed-websocket-8.5.32.jar;F:\mavemLibrary\org\hibernate\validator\hibernate-validator\6.0.11.Final\hibernate-validator-6.0.11.Final.jar;F:\mavemLibrary\javax\validation\validation-api\2.0.1.Final\validation-api-2.0.1.Final.jar;F:\mavemLibrary\org\jboss\logging\jboss-logging\3.3.2.Final\jboss-logging-3.3.2.Final.jar;F:\mavemLibrary\com\fasterxml\classmate\1.3.4\classmate-1.3.4.jar;F:\mavemLibrary\org\springframework\spring-web\5.0.8.RELEASE\spring-web-5.0.8.RELEASE.jar;F:\mavemLibrary\org\springframework\spring-beans\5.0.8.RELEASE\spring-beans-5.0.8.RELEASE.jar;F:\mavemLibrary\org\springframework\spring-webmvc\5.0.8.RELEASE\spring-webmvc-5.0.8.RELEASE.jar;F:\mavemLibrary\org\springframework\spring-aop\5.0.8.RELEASE\spring-aop-5.0.8.RELEASE.jar;F:\mavemLibrary\org\springframework\spring-context\5.0.8.RELEASE\spring-context-5.0.8.RELEASE.jar;F:\mavemLibrary\org\springframework\spring-expression\5.0.8.RELEASE\spring-expression-5.0.8.RELEASE.jar;F:\mavemLibrary\org\projectlombok\lombok\1.16.22\lombok-1.16.22.jar;F:\mavemLibrary\org\springframework\boot\spring-boot-starter-test\2.0.4.RELEASE\spring-boot-starter-test-2.0.4.RELEASE.jar;F:\mavemLibrary\org\springframework\boot\spring-boot-test\2.0.4.RELEASE\spring-boot-test-2.0.4.RELEASE.jar;F:\mavemLibrary\org\springframework\boot\spring-boot-test-autoconfigure\2.0.4.RELEASE\spring-boot-test-autoconfigure-2.0.4.RELEASE.jar;F:\mavemLibrary\com\jayway\jsonpath\json-path\2.4.0\json-path-2.4.0.jar;F:\mavemLibrary\net\minidev\json-smart\2.3\json-smart-2.3.jar;F:\mavemLibrary\net\minidev\accessors-smart\1.2\accessors-smart-1.2.jar;F:\mavemLibrary\org\ow2\asm\asm\5.0.4\asm-5.0.4.jar;F:\mavemLibrary\org\slf4j\slf4j-api\1.7.25\slf4j-api-1.7.25.jar;F:\mavemLibrary\junit\junit\4.12\junit-4.12.jar;F:\mavemLibrary\org\assertj\assertj-core\3.9.1\assertj-core-3.9.1.jar;F:\mavemLibrary\org\mockito\mockito-core\2.15.0\mockito-core-2.15.0.jar;F:\mavemLibrary\net\bytebuddy\byte-buddy\1.7.11\byte-buddy-1.7.11.jar;F:\mavemLibrary\net\bytebuddy\byte-buddy-agent\1.7.11\byte-buddy-agent-1.7.11.jar;F:\mavemLibrary\org\objenesis\objenesis\2.6\objenesis-2.6.jar;F:\mavemLibrary\org\hamcrest\hamcrest-core\1.3\hamcrest-core-1.3.jar;F:\mavemLibrary\org\hamcrest\hamcrest-library\1.3\hamcrest-library-1.3.jar;F:\mavemLibrary\org\skyscreamer\jsonassert\1.5.0\jsonassert-1.5.0.jar;F:\mavemLibrary\com\vaadin\external\google\android-json\0.0.20131108.vaadin1\android-json-0.0.20131108.vaadin1.jar;F:\mavemLibrary\org\springframework\spring-core\5.0.8.RELEASE\spring-core-5.0.8.RELEASE.jar;F:\mavemLibrary\org\springframework\spring-jcl\5.0.8.RELEASE\spring-jcl-5.0.8.RELEASE.jar;F:\mavemLibrary\org\springframework\spring-test\5.0.8.RELEASE\spring-test-5.0.8.RELEASE.jar;F:\mavemLibrary\org\xmlunit\xmlunit-core\2.5.1\xmlunit-core-2.5.1.jar;F:\mavemLibrary\org\springframework\cloud\spring-cloud-starter-alibaba-nacos-discovery\0.2.2.RELEASE\spring-cloud-starter-alibaba-nacos-discovery-0.2.2.RELEASE.jar;F:\mavemLibrary\org\springframework\cloud\spring-cloud-alibaba-nacos-discovery\0.2.2.RELEASE\spring-cloud-alibaba-nacos-discovery-0.2.2.RELEASE.jar;F:\mavemLibrary\com\alibaba\nacos\nacos-client\1.0.0\nacos-client-1.0.0.jar;F:\mavemLibrary\com\alibaba\nacos\nacos-common\1.0.0\nacos-common-1.0.0.jar;F:\mavemLibrary\commons-io\commons-io\2.2\commons-io-2.2.jar;F:\mavemLibrary\org\apache\commons\commons-lang3\3.7\commons-lang3-3.7.jar;F:\mavemLibrary\com\alibaba\nacos\nacos-api\1.0.0\nacos-api-1.0.0.jar;F:\mavemLibrary\com\alibaba\fastjson\1.2.47\fastjson-1.2.47.jar;F:\mavemLibrary\com\google\guava\guava\19.0\guava-19.0.jar;F:\mavemLibrary\commons-codec\commons-codec\1.11\commons-codec-1.11.jar;F:\mavemLibrary\io\prometheus\simpleclient\0.5.0\simpleclient-0.5.0.jar;F:\mavemLibrary\org\springframework\cloud\spring-cloud-commons\2.0.1.RELEASE\spring-cloud-commons-2.0.1.RELEASE.jar;F:\mavemLibrary\org\springframework\security\spring-security-crypto\5.0.7.RELEASE\spring-security-crypto-5.0.7.RELEASE.jar;F:\mavemLibrary\org\springframework\cloud\spring-cloud-context\2.0.1.RELEASE\spring-cloud-context-2.0.1.RELEASE.jar;F:\mavemLibrary\org\springframework\cloud\spring-cloud-starter-netflix-ribbon\2.0.1.RELEASE\spring-cloud-starter-netflix-ribbon-2.0.1.RELEASE.jar;F:\mavemLibrary\org\springframework\cloud\spring-cloud-starter\2.0.1.RELEASE\spring-cloud-starter-2.0.1.RELEASE.jar;F:\mavemLibrary\org\springframework\security\spring-security-rsa\1.0.5.RELEASE\spring-security-rsa-1.0.5.RELEASE.jar;F:\mavemLibrary\org\bouncycastle\bcpkix-jdk15on\1.56\bcpkix-jdk15on-1.56.jar;F:\mavemLibrary\org\bouncycastle\bcprov-jdk15on\1.56\bcprov-jdk15on-1.56.jar;F:\mavemLibrary\org\springframework\cloud\spring-cloud-netflix-ribbon\2.0.1.RELEASE\spring-cloud-netflix-ribbon-2.0.1.RELEASE.jar;F:\mavemLibrary\org\springframework\cloud\spring-cloud-netflix-archaius\2.0.1.RELEASE\spring-cloud-netflix-archaius-2.0.1.RELEASE.jar;F:\mavemLibrary\org\springframework\cloud\spring-cloud-starter-netflix-archaius\2.0.1.RELEASE\spring-cloud-starter-netflix-archaius-2.0.1.RELEASE.jar;F:\mavemLibrary\com\netflix\archaius\archaius-core\0.7.6\archaius-core-0.7.6.jar;F:\mavemLibrary\com\google\code\findbugs\jsr305\3.0.1\jsr305-3.0.1.jar;F:\mavemLibrary\commons-configuration\commons-configuration\1.8\commons-configuration-1.8.jar;F:\mavemLibrary\com\netflix\ribbon\ribbon\2.2.5\ribbon-2.2.5.jar;F:\mavemLibrary\com\netflix\ribbon\ribbon-transport\2.2.5\ribbon-transport-2.2.5.jar;F:\mavemLibrary\io\reactivex\rxnetty-contexts\0.4.9\rxnetty-contexts-0.4.9.jar;F:\mavemLibrary\io\reactivex\rxnetty-servo\0.4.9\rxnetty-servo-0.4.9.jar;F:\mavemLibrary\com\netflix\hystrix\hystrix-core\1.5.12\hystrix-core-1.5.12.jar;F:\mavemLibrary\org\hdrhistogram\HdrHistogram\2.1.9\HdrHistogram-2.1.9.jar;F:\mavemLibrary\javax\inject\javax.inject\1\javax.inject-1.jar;F:\mavemLibrary\io\reactivex\rxnetty\0.4.9\rxnetty-0.4.9.jar;F:\mavemLibrary\io\netty\netty-codec-http\4.1.27.Final\netty-codec-http-4.1.27.Final.jar;F:\mavemLibrary\io\netty\netty-codec\4.1.27.Final\netty-codec-4.1.27.Final.jar;F:\mavemLibrary\io\netty\netty-transport-native-epoll\4.1.27.Final\netty-transport-native-epoll-4.1.27.Final.jar;F:\mavemLibrary\io\netty\netty-common\4.1.27.Final\netty-common-4.1.27.Final.jar;F:\mavemLibrary\io\netty\netty-buffer\4.1.27.Final\netty-buffer-4.1.27.Final.jar;F:\mavemLibrary\io\netty\netty-transport-native-unix-common\4.1.27.Final\netty-transport-native-unix-common-4.1.27.Final.jar;F:\mavemLibrary\io\netty\netty-transport\4.1.27.Final\netty-transport-4.1.27.Final.jar;F:\mavemLibrary\io\netty\netty-resolver\4.1.27.Final\netty-resolver-4.1.27.Final.jar;F:\mavemLibrary\com\netflix\ribbon\ribbon-core\2.2.5\ribbon-core-2.2.5.jar;F:\mavemLibrary\commons-lang\commons-lang\2.6\commons-lang-2.6.jar;F:\mavemLibrary\com\netflix\ribbon\ribbon-httpclient\2.2.5\ribbon-httpclient-2.2.5.jar;F:\mavemLibrary\commons-collections\commons-collections\3.2.2\commons-collections-3.2.2.jar;F:\mavemLibrary\org\apache\httpcomponents\httpclient\4.5.6\httpclient-4.5.6.jar;F:\mavemLibrary\org\apache\httpcomponents\httpcore\4.4.10\httpcore-4.4.10.jar;F:\mavemLibrary\com\sun\jersey\jersey-client\1.19.1\jersey-client-1.19.1.jar;F:\mavemLibrary\com\sun\jersey\jersey-core\1.19.1\jersey-core-1.19.1.jar;F:\mavemLibrary\javax\ws\rs\jsr311-api\1.1.1\jsr311-api-1.1.1.jar;F:\mavemLibrary\com\sun\jersey\contribs\jersey-apache-client4\1.19.1\jersey-apache-client4-1.19.1.jar;F:\mavemLibrary\com\netflix\servo\servo-core\0.12.21\servo-core-0.12.21.jar;F:\mavemLibrary\com\netflix\netflix-commons\netflix-commons-util\0.3.0\netflix-commons-util-0.3.0.jar;F:\mavemLibrary\com\netflix\ribbon\ribbon-loadbalancer\2.2.5\ribbon-loadbalancer-2.2.5.jar;F:\mavemLibrary\com\netflix\netflix-commons\netflix-statistics\0.1.1\netflix-statistics-0.1.1.jar;F:\mavemLibrary\io\reactivex\rxjava\1.3.8\rxjava-1.3.8.jar;"/>
    <property name="sun.cpu.endian" value="little"/>
    <property name="user.home" value="C:\Users\zrma"/>
    <property name="user.language" value="zh"/>
    <property name="java.specification.vendor" value="Oracle Corporation"/>
    <property name="java.home" value="C:\Program Files\Java\jdk1.8.0_201\jre"/>
    <property name="basedir" value="G:\zhibowanwei\eclipseCode2\spring-cloud-parent-template\spring-cloud-common\spring-cloud-common-core"/>
    <property name="file.separator" value="\"/>
    <property name="line.separator" value="&#10;"/>
    <property name="java.vm.specification.vendor" value="Oracle Corporation"/>
    <property name="java.specification.name" value="Java Platform API Specification"/>
    <property name="java.awt.graphicsenv" value="sun.awt.Win32GraphicsEnvironment"/>
    <property name="surefire.real.class.path" value="C:\Users\zrma\AppData\Local\Temp\surefire1416842165900806202\surefirebooter8080396337517042451.jar"/>
    <property name="sun.boot.class.path" value="C:\Program Files\Java\jdk1.8.0_201\jre\lib\resources.jar;C:\Program Files\Java\jdk1.8.0_201\jre\lib\rt.jar;C:\Program Files\Java\jdk1.8.0_201\jre\lib\sunrsasign.jar;C:\Program Files\Java\jdk1.8.0_201\jre\lib\jsse.jar;C:\Program Files\Java\jdk1.8.0_201\jre\lib\jce.jar;C:\Program Files\Java\jdk1.8.0_201\jre\lib\charsets.jar;C:\Program Files\Java\jdk1.8.0_201\jre\lib\jfr.jar;C:\Program Files\Java\jdk1.8.0_201\jre\classes"/>
    <property name="user.script" value=""/>
    <property name="sun.management.compiler" value="HotSpot 64-Bit Tiered Compilers"/>
    <property name="java.runtime.version" value="1.8.0_201-b09"/>
    <property name="user.name" value="zrma"/>
    <property name="path.separator" value=";"/>
    <property name="os.version" value="10.0"/>
    <property name="java.endorsed.dirs" value="C:\Program Files\Java\jdk1.8.0_201\jre\lib\endorsed"/>
    <property name="java.runtime.name" value="Java(TM) SE Runtime Environment"/>
    <property name="file.encoding" value="GBK"/>
    <property name="java.vm.name" value="Java HotSpot(TM) 64-Bit Server VM"/>
    <property name="localRepository" value="F:\mavemLibrary"/>
    <property name="java.vendor.url.bug" value="http://bugreport.sun.com/bugreport/"/>
    <property name="java.io.tmpdir" value="C:\Users\zrma\AppData\Local\Temp\"/>
    <property name="java.version" value="1.8.0_201"/>
    <property name="user.dir" value="G:\zhibowanwei\eclipseCode2\spring-cloud-parent-template\spring-cloud-common\spring-cloud-common-core"/>
    <property name="os.arch" value="amd64"/>
    <property name="java.vm.specification.name" value="Java Virtual Machine Specification"/>
    <property name="java.awt.printerjob" value="sun.awt.windows.WPrinterJob"/>
    <property name="sun.os.patch.level" value=""/>
    <property name="java.library.path" value="C:\Program Files\Java\jdk1.8.0_201\jre\bin;C:\Windows\Sun\Java\bin;C:\Windows\system32;C:\Windows;C:/Program Files/Java/jre1.8.0_201/bin/server;C:/Program Files/Java/jre1.8.0_201/bin;C:/Program Files/Java/jre1.8.0_201/lib/amd64;E:\Program Files (x86)\Xshell 6\;C:\Program Files (x86)\Common Files\Oracle\Java\javapath;C:\ProgramData\Oracle\Java\javapath;C:\Windows\system32;C:\Windows;C:\Windows\System32\Wbem;C:\Windows\System32\WindowsPowerShell\v1.0\;C:\Windows\System32\OpenSSH\;E:\Git\cmd;C:\Program Files\Intel\WiFi\bin\;C:\Program Files\Common Files\Intel\WirelessCommon\;C:\Go\bin;E:\apache-maven-3.5.4-bin\apache-maven-3.5.4\bin;C:\Program Files\nodejs\;C:\Program Files\TortoiseSVN\bin;C:\Program Files\VanDyke Software\Clients\;C:\Users\zrma\AppData\Local\Microsoft\WindowsApps;C:\Program Files\Intel\WiFi\bin\;C:\Program Files\Common Files\Intel\WirelessCommon\;C:\Users\zrma\go\bin;C:\Users\zrma\AppData\Roaming\npm;E:\GoLand 2018.3.3\bin;C:\Users\zrma\AppData\Local\BypassRuntm;E:\Program Files\JetBrains\WebStorm 2019.1\bin;;F:\eclipse-jee-oxygen-2-win32-x86_64\eclipse;;."/>
    <property name="java.vm.info" value="mixed mode"/>
    <property name="java.vendor" value="Oracle Corporation"/>
    <property name="java.vm.version" value="25.201-b09"/>
    <property name="java.ext.dirs" value="C:\Program Files\Java\jdk1.8.0_201\jre\lib\ext;C:\Windows\Sun\Java\lib\ext"/>
    <property name="sun.io.unicode.encoding" value="UnicodeLittle"/>
    <property name="java.class.version" value="52.0"/>
  </properties>
  <testcase name="testApp" classname="com.zrma.cloud.common.core.AppTest" time="0.005"/>
</testsuite>